<?xml version="1.0" encoding="utf-8"?><testsuites name="pytest tests"><testsuite name="pytest" errors="0" failures="0" skipped="0" tests="19" time="3.779" timestamp="2026-03-31T23:57:18.911374+00:00" hostname="agent-env-91f752ac-5610-48af-a3fe-5892d4cd9a5c"><testcase classname="tests.test_khaya_api.TestHealthAndBasics" name="test_health_endpoint" time="0.184" /><testcase classname="tests.test_khaya_api.TestHealthAndBasics" name="test_root_endpoint" time="0.138" /><testcase classname="tests.test_khaya_api.TestTowers" name="test_get_towers_returns_3_towers" time="0.097" /><testcase classname="tests.test_khaya_api.TestTowers" name="test_tower_structure" time="0.153" /><testcase classname="tests.test_khaya_api.TestUnits" name="test_get_all_units_returns_417" time="0.121" /><testcase classname="tests.test_khaya_api.TestUnits" name="test_unit_statuses" time="0.143" /><testcase classname="tests.test_khaya_api.TestUnits" name="test_unit_structure" time="0.111" /><testcase classname="tests.test_khaya_api.TestUnits" name="test_filter_by_tower" time="0.149" /><testcase classname="tests.test_khaya_api.TestUnits" name="test_filter_by_floor" time="0.112" /><testcase classname="tests.test_khaya_api.TestUnits" name="test_filter_by_status" time="0.112" /><testcase classname="tests.test_khaya_api.TestUnits" name="test_get_single_unit" time="0.145" /><testcase classname="tests.test_khaya_api.TestUnits" name="test_get_nonexistent_unit" time="0.123" /><testcase classname="tests.test_khaya_api.TestStats" name="test_get_stats" time="0.163" /><testcase classname="tests.test_khaya_api.TestUnitUpdate" name="test_update_unit_status" time="0.451" /><testcase classname="tests.test_khaya_api.TestUnitUpdate" name="test_update_unit_price" time="0.416" /><testcase classname="tests.test_khaya_api.TestUnitUpdate" name="test_update_nonexistent_unit" time="0.127" /><testcase classname="tests.test_khaya_api.TestSync" name="test_sync_google_sheets" time="0.639" /><testcase classname="tests.test_khaya_api.TestFilters" name="test_get_filters" time="0.103" /><testcase classname="tests.test_khaya_api.TestUnitsByFloor" name="test_get_units_by_floor" time="0.104" /></testsuite></testsuites>